2022-04-24 15:03:34.894832: I tensorflow/stream_executor/platform/default/dso_loader.cc:44] Successfully opened dynamic library libcudart.so.10.2
WARNING: Logging before flag parsing goes to stderr.
W0424 15:03:47.436863 140435711391552 __init__.py:328] Limited tf.compat.v2.summary API due to missing TensorBoard installation.
W0424 15:03:47.841150 140435711391552 __init__.py:328] Limited tf.compat.v2.summary API due to missing TensorBoard installation.
W0424 15:03:47.843552 140435711391552 __init__.py:328] Limited tf.compat.v2.summary API due to missing TensorBoard installation.
W0424 15:03:48.110156 140435711391552 __init__.py:356] Limited tf.summary API due to missing TensorBoard installation.
2022-04-24 15:13:29.818522: I tensorflow/stream_executor/platform/default/dso_loader.cc:44] Successfully opened dynamic library libcuda.so.1
2022-04-24 15:13:29.873764: I tensorflow/core/common_runtime/gpu/gpu_device.cc:1561] Found device 0 with properties: 
pciBusID: 0000:31:00.0 name: Tesla V100-PCIE-32GB computeCapability: 7.0
coreClock: 1.38GHz coreCount: 80 deviceMemorySize: 31.75GiB deviceMemoryBandwidth: 836.37GiB/s
2022-04-24 15:13:29.873869: I tensorflow/stream_executor/platform/default/dso_loader.cc:44] Successfully opened dynamic library libcudart.so.10.2
2022-04-24 15:13:29.987092: I tensorflow/stream_executor/platform/default/dso_loader.cc:44] Successfully opened dynamic library libcublas.so.10
2022-04-24 15:13:30.062402: I tensorflow/stream_executor/platform/default/dso_loader.cc:44] Successfully opened dynamic library libcufft.so.10
2022-04-24 15:13:30.265229: I tensorflow/stream_executor/platform/default/dso_loader.cc:44] Successfully opened dynamic library libcurand.so.10
2022-04-24 15:13:30.396245: I tensorflow/stream_executor/platform/default/dso_loader.cc:44] Successfully opened dynamic library libcusolver.so.10
2022-04-24 15:13:30.460633: I tensorflow/stream_executor/platform/default/dso_loader.cc:44] Successfully opened dynamic library libcusparse.so.10
2022-04-24 15:13:30.549264: I tensorflow/stream_executor/platform/default/dso_loader.cc:44] Successfully opened dynamic library libcudnn.so.7
2022-04-24 15:13:30.550252: I tensorflow/core/common_runtime/gpu/gpu_device.cc:1703] Adding visible gpu devices: 0
2022-04-24 15:13:30.551493: I tensorflow/core/common_runtime/gpu/gpu_device.cc:1561] Found device 0 with properties: 
pciBusID: 0000:31:00.0 name: Tesla V100-PCIE-32GB computeCapability: 7.0
coreClock: 1.38GHz coreCount: 80 deviceMemorySize: 31.75GiB deviceMemoryBandwidth: 836.37GiB/s
2022-04-24 15:13:30.551543: I tensorflow/stream_executor/platform/default/dso_loader.cc:44] Successfully opened dynamic library libcudart.so.10.2
2022-04-24 15:13:30.551576: I tensorflow/stream_executor/platform/default/dso_loader.cc:44] Successfully opened dynamic library libcublas.so.10
2022-04-24 15:13:30.551589: I tensorflow/stream_executor/platform/default/dso_loader.cc:44] Successfully opened dynamic library libcufft.so.10
2022-04-24 15:13:30.551600: I tensorflow/stream_executor/platform/default/dso_loader.cc:44] Successfully opened dynamic library libcurand.so.10
2022-04-24 15:13:30.551612: I tensorflow/stream_executor/platform/default/dso_loader.cc:44] Successfully opened dynamic library libcusolver.so.10
2022-04-24 15:13:30.551624: I tensorflow/stream_executor/platform/default/dso_loader.cc:44] Successfully opened dynamic library libcusparse.so.10
2022-04-24 15:13:30.551635: I tensorflow/stream_executor/platform/default/dso_loader.cc:44] Successfully opened dynamic library libcudnn.so.7
2022-04-24 15:13:30.552179: I tensorflow/core/common_runtime/gpu/gpu_device.cc:1703] Adding visible gpu devices: 0
2022-04-24 15:13:30.552214: I tensorflow/stream_executor/platform/default/dso_loader.cc:44] Successfully opened dynamic library libcudart.so.10.2
2022-04-24 15:13:32.285831: I tensorflow/core/common_runtime/gpu/gpu_device.cc:1102] Device interconnect StreamExecutor with strength 1 edge matrix:
2022-04-24 15:13:32.285934: I tensorflow/core/common_runtime/gpu/gpu_device.cc:1108]      0 
2022-04-24 15:13:32.285943: I tensorflow/core/common_runtime/gpu/gpu_device.cc:1121] 0:   N 
2022-04-24 15:13:32.287170: I tensorflow/core/common_runtime/gpu/gpu_device.cc:1247] Created TensorFlow device (/job:localhost/replica:0/task:0/device:GPU:0 with 30166 MB memory) -> physical GPU (device: 0, name: Tesla V100-PCIE-32GB, pci bus id: 0000:31:00.0, compute capability: 7.0)
2022-04-24 15:13:35.014905: I tensorflow/stream_executor/platform/default/dso_loader.cc:44] Successfully opened dynamic library libcublas.so.10
2022-04-24 15:13:35.457616: I tensorflow/stream_executor/platform/default/dso_loader.cc:44] Successfully opened dynamic library libcudnn.so.7
/.autofs/tools/spack/opt/spack/linux-rhel7-skylake_avx512/gcc-8.2.0/py-scikit-learn-0.23.1-ivhyaw4ss7lvyarmy7eifmi2s7gtadig/lib/python3.8/site-packages/sklearn/utils/validation.py:68: FutureWarning: Pass classes=[0 1], y=[1 0 1 ... 0 1 0] as keyword args. From version 0.25 passing these as positional arguments will result in an error
  warnings.warn("Pass {} as keyword args. From version 0.25 "
